<?xml version="1.0" encoding="UTF-8"?>
<testsuite xmlns:xsi="http://www.w3.org/2001/XMLSchema-instance" xsi:noNamespaceSchemaLocation="https://maven.apache.org/surefire/maven-surefire-plugin/xsd/surefire-test-report-3.0.xsd" version="3.0" name="com.gdavidben.algolab.bst.BinarySearchTreeTest" time="0.02" tests="7" errors="0" skipped="0" failures="0">
  <properties>
    <property name="java.specification.version" value="22"/>
    <property name="sun.jnu.encoding" value="UTF-8"/>
    <property name="java.class.path" value="/Users/david.dutra/Projects/gdavidben/algo-lab/target/test-classes:/Users/david.dutra/Projects/gdavidben/algo-lab/target/classes:/Users/david.dutra/.m2/repository/org/junit/jupiter/junit-jupiter-engine/5.9.1/junit-jupiter-engine-5.9.1.jar:/Users/david.dutra/.m2/repository/org/junit/platform/junit-platform-engine/1.9.1/junit-platform-engine-1.9.1.jar:/Users/david.dutra/.m2/repository/org/opentest4j/opentest4j/1.2.0/opentest4j-1.2.0.jar:/Users/david.dutra/.m2/repository/org/junit/platform/junit-platform-commons/1.9.1/junit-platform-commons-1.9.1.jar:/Users/david.dutra/.m2/repository/org/junit/jupiter/junit-jupiter-api/5.9.1/junit-jupiter-api-5.9.1.jar:/Users/david.dutra/.m2/repository/org/apiguardian/apiguardian-api/1.1.2/apiguardian-api-1.1.2.jar:"/>
    <property name="java.vm.vendor" value="Eclipse Adoptium"/>
    <property name="sun.arch.data.model" value="64"/>
    <property name="java.vendor.url" value="https://adoptium.net/"/>
    <property name="os.name" value="Mac OS X"/>
    <property name="java.vm.specification.version" value="22"/>
    <property name="sun.java.launcher" value="SUN_STANDARD"/>
    <property name="user.country" value="PT"/>
    <property name="sun.boot.library.path" value="/Library/Java/JavaVirtualMachines/temurin-22.jdk/Contents/Home/lib"/>
    <property name="sun.java.command" value="/Users/david.dutra/Projects/gdavidben/algo-lab/target/surefire/surefirebooter-20240520155745544_3.jar /Users/david.dutra/Projects/gdavidben/algo-lab/target/surefire 2024-05-20T15-57-45_467-jvmRun1 surefire-20240520155745544_1tmp surefire_0-20240520155745544_2tmp"/>
    <property name="http.nonProxyHosts" value="local|*.local|169.254/16|*.169.254/16"/>
    <property name="jdk.debug" value="release"/>
    <property name="maven.home" value="/Users/david.dutra/.m2/wrapper/dists/apache-maven-3.8.6-bin/67568434/apache-maven-3.8.6"/>
    <property name="surefire.test.class.path" value="/Users/david.dutra/Projects/gdavidben/algo-lab/target/test-classes:/Users/david.dutra/Projects/gdavidben/algo-lab/target/classes:/Users/david.dutra/.m2/repository/org/junit/jupiter/junit-jupiter-engine/5.9.1/junit-jupiter-engine-5.9.1.jar:/Users/david.dutra/.m2/repository/org/junit/platform/junit-platform-engine/1.9.1/junit-platform-engine-1.9.1.jar:/Users/david.dutra/.m2/repository/org/opentest4j/opentest4j/1.2.0/opentest4j-1.2.0.jar:/Users/david.dutra/.m2/repository/org/junit/platform/junit-platform-commons/1.9.1/junit-platform-commons-1.9.1.jar:/Users/david.dutra/.m2/repository/org/junit/jupiter/junit-jupiter-api/5.9.1/junit-jupiter-api-5.9.1.jar:/Users/david.dutra/.m2/repository/org/apiguardian/apiguardian-api/1.1.2/apiguardian-api-1.1.2.jar:"/>
    <property name="sun.cpu.endian" value="little"/>
    <property name="user.home" value="/Users/david.dutra"/>
    <property name="user.language" value="en"/>
    <property name="java.specification.vendor" value="Oracle Corporation"/>
    <property name="java.version.date" value="2024-04-16"/>
    <property name="java.home" value="/Library/Java/JavaVirtualMachines/temurin-22.jdk/Contents/Home"/>
    <property name="file.separator" value="/"/>
    <property name="basedir" value="/Users/david.dutra/Projects/gdavidben/algo-lab"/>
    <property name="java.vm.compressedOopsMode" value="Zero based"/>
    <property name="line.separator" value="&#10;"/>
    <property name="java.vm.specification.vendor" value="Oracle Corporation"/>
    <property name="java.specification.name" value="Java Platform API Specification"/>
    <property name="apple.awt.application.name" value="ForkedBooter"/>
    <property name="surefire.real.class.path" value="/Users/david.dutra/Projects/gdavidben/algo-lab/target/surefire/surefirebooter-20240520155745544_3.jar"/>
    <property name="sun.management.compiler" value="HotSpot 64-Bit Tiered Compilers"/>
    <property name="ftp.nonProxyHosts" value="local|*.local|169.254/16|*.169.254/16"/>
    <property name="java.runtime.version" value="22.0.1+8"/>
    <property name="user.name" value="david.dutra"/>
    <property name="stdout.encoding" value="UTF-8"/>
    <property name="path.separator" value=":"/>
    <property name="os.version" value="14.5"/>
    <property name="java.runtime.name" value="OpenJDK Runtime Environment"/>
    <property name="file.encoding" value="UTF-8"/>
    <property name="java.vm.name" value="OpenJDK 64-Bit Server VM"/>
    <property name="java.vendor.version" value="Temurin-22.0.1+8"/>
    <property name="localRepository" value="/Users/david.dutra/.m2/repository"/>
    <property name="java.vendor.url.bug" value="https://github.com/adoptium/adoptium-support/issues"/>
    <property name="java.io.tmpdir" value="/var/folders/kb/zlrwf5pj48gfcmqb6l2rvs740000gn/T/"/>
    <property name="java.version" value="22.0.1"/>
    <property name="user.dir" value="/Users/david.dutra/Projects/gdavidben/algo-lab"/>
    <property name="os.arch" value="x86_64"/>
    <property name="java.vm.specification.name" value="Java Virtual Machine Specification"/>
    <property name="native.encoding" value="UTF-8"/>
    <property name="java.library.path" value="/Users/david.dutra/Library/Java/Extensions:/Library/Java/Extensions:/Network/Library/Java/Extensions:/System/Library/Java/Extensions:/usr/lib/java:."/>
    <property name="java.vm.info" value="mixed mode"/>
    <property name="stderr.encoding" value="UTF-8"/>
    <property name="java.vendor" value="Eclipse Adoptium"/>
    <property name="java.vm.version" value="22.0.1+8"/>
    <property name="sun.io.unicode.encoding" value="UnicodeBig"/>
    <property name="socksNonProxyHosts" value="local|*.local|169.254/16|*.169.254/16"/>
    <property name="java.class.version" value="66.0"/>
  </properties>
  <testcase name="shouldNotFindTheValue" classname="com.gdavidben.algolab.bst.BinarySearchTreeTest" time="0.004"/>
  <testcase name="shouldHaveLeftAndRightNode" classname="com.gdavidben.algolab.bst.BinarySearchTreeTest" time="0.002"/>
  <testcase name="shouldRemoveValue12" classname="com.gdavidben.algolab.bst.BinarySearchTreeTest" time="0.001"/>
  <testcase name="shouldRemoveValue14" classname="com.gdavidben.algolab.bst.BinarySearchTreeTest" time="0.001"/>
  <testcase name="shouldRemoveValue2" classname="com.gdavidben.algolab.bst.BinarySearchTreeTest" time="0.002"/>
  <testcase name="shouldRemoveValue4" classname="com.gdavidben.algolab.bst.BinarySearchTreeTest" time="0.001"/>
  <testcase name="shouldAddAndFindTheValue" classname="com.gdavidben.algolab.bst.BinarySearchTreeTest" time="0.001"/>
</testsuite>